000 (160653.000.000) 03/29 17:58:28 Job submitted from host: <128.83.120.146:48795>
...
001 (160653.000.000) 03/29 17:58:50 Job executing on host: <128.83.139.5:34539>
...
006 (160653.000.000) 03/29 17:58:58 Image size of job updated: 34581132
	21  -  MemoryUsage of job (MB)
	20796  -  ResidentSetSize of job (KB)
...
006 (160653.000.000) 03/29 18:03:58 Image size of job updated: 34914144
	4084  -  MemoryUsage of job (MB)
	4181060  -  ResidentSetSize of job (KB)
...
010 (160653.000.000) 03/29 18:19:23 Job was suspended.
	Number of processes actually suspended: 1
...
011 (160653.000.000) 03/29 18:20:18 Job was unsuspended.
...
006 (160653.000.000) 03/29 18:34:00 Image size of job updated: 34914144
	4842  -  MemoryUsage of job (MB)
	4957700  -  ResidentSetSize of job (KB)
...
006 (160653.000.000) 03/29 18:39:01 Image size of job updated: 34914144
	5879  -  MemoryUsage of job (MB)
	6019144  -  ResidentSetSize of job (KB)
...
006 (160653.000.000) 03/29 18:44:01 Image size of job updated: 34914144
	6034  -  MemoryUsage of job (MB)
	6178552  -  ResidentSetSize of job (KB)
...
006 (160653.000.000) 03/29 18:54:02 Image size of job updated: 34914144
	6298  -  MemoryUsage of job (MB)
	6449152  -  ResidentSetSize of job (KB)
...
006 (160653.000.000) 03/29 18:59:03 Image size of job updated: 34914144
	6299  -  MemoryUsage of job (MB)
	6449452  -  ResidentSetSize of job (KB)
...
006 (160653.000.000) 03/29 19:09:03 Image size of job updated: 34914144
	6982  -  MemoryUsage of job (MB)
	7149496  -  ResidentSetSize of job (KB)
...
005 (160653.000.000) 03/29 19:12:01 Job terminated.
	(1) Normal termination (return value 0)
		Usr 0 01:02:11, Sys 0 00:00:18  -  Run Remote Usage
		Usr 0 00:00:00, Sys 0 00:00:00  -  Run Local Usage
		Usr 0 01:02:11, Sys 0 00:00:18  -  Total Remote Usage
		Usr 0 00:00:00, Sys 0 00:00:00  -  Total Local Usage
	0  -  Run Bytes Sent By Job
	0  -  Run Bytes Received By Job
	0  -  Total Bytes Sent By Job
	0  -  Total Bytes Received By Job
	Partitionable Resources :    Usage  Request Allocated
	   Cpus                 :                 1         1
	   Disk (KB)            :     3500     3500   4690514
	   Memory (MB)          :     6982        0      4028
...
