000 (160673.000.000) 03/29 18:13:49 Job submitted from host: <128.83.120.146:48795>
...
001 (160673.000.000) 03/29 18:14:12 Job executing on host: <128.83.144.48:55138>
...
006 (160673.000.000) 03/29 18:14:21 Image size of job updated: 104396
	3  -  MemoryUsage of job (MB)
	2408  -  ResidentSetSize of job (KB)
...
006 (160673.000.000) 03/29 18:19:21 Image size of job updated: 34914144
	2203  -  MemoryUsage of job (MB)
	2255336  -  ResidentSetSize of job (KB)
...
022 (160673.000.000) 03/29 20:30:30 Job disconnected, attempting to reconnect
    Local schedd and job shadow died, schedd now running again
    Trying to reconnect to slot1@angrist-1.cs.utexas.edu <128.83.144.48:55138>
...
023 (160673.000.000) 03/29 20:30:31 Job reconnected to slot1@angrist-1.cs.utexas.edu
    startd address: <128.83.144.48:55138>
    starter address: <128.83.144.48:35442>
...
001 (160673.000.000) 03/29 20:59:45 Job executing on host: <128.83.130.68:37762>
...
006 (160673.000.000) 03/29 21:04:55 Image size of job updated: 35000000
	2893  -  MemoryUsage of job (MB)
	2962224  -  ResidentSetSize of job (KB)
...
001 (160673.000.000) 03/30 03:20:40 Job executing on host: <128.83.144.69:49816>
...
010 (160673.000.000) 03/30 03:22:12 Job was suspended.
	Number of processes actually suspended: 1
...
011 (160673.000.000) 03/30 03:23:54 Job was unsuspended.
...
010 (160673.000.000) 03/30 03:54:35 Job was suspended.
	Number of processes actually suspended: 1
...
011 (160673.000.000) 03/30 03:55:40 Job was unsuspended.
...
010 (160673.000.000) 03/30 03:59:21 Job was suspended.
	Number of processes actually suspended: 1
...
011 (160673.000.000) 03/30 04:01:03 Job was unsuspended.
...
010 (160673.000.000) 03/30 04:04:36 Job was suspended.
	Number of processes actually suspended: 1
...
011 (160673.000.000) 03/30 04:09:33 Job was unsuspended.
...
010 (160673.000.000) 03/30 04:14:35 Job was suspended.
	Number of processes actually suspended: 1
...
011 (160673.000.000) 03/30 04:17:31 Job was unsuspended.
...
010 (160673.000.000) 03/30 04:25:59 Job was suspended.
	Number of processes actually suspended: 1
...
011 (160673.000.000) 03/30 04:27:57 Job was unsuspended.
...
010 (160673.000.000) 03/30 04:38:11 Job was suspended.
	Number of processes actually suspended: 1
...
011 (160673.000.000) 03/30 04:41:03 Job was unsuspended.
...
006 (160673.000.000) 03/30 04:46:02 Image size of job updated: 35000000
	3149  -  MemoryUsage of job (MB)
	3223572  -  ResidentSetSize of job (KB)
...
006 (160673.000.000) 03/30 04:51:46 Image size of job updated: 35000000
	4094  -  MemoryUsage of job (MB)
	4191832  -  ResidentSetSize of job (KB)
...
010 (160673.000.000) 03/30 04:55:30 Job was suspended.
	Number of processes actually suspended: 1
...
006 (160673.000.000) 03/30 04:55:30 Image size of job updated: 35000000
	4851  -  MemoryUsage of job (MB)
	4966632  -  ResidentSetSize of job (KB)
...
011 (160673.000.000) 03/30 04:56:47 Job was unsuspended.
...
010 (160673.000.000) 03/30 04:59:58 Job was suspended.
	Number of processes actually suspended: 1
...
006 (160673.000.000) 03/30 04:59:58 Image size of job updated: 35000000
	5613  -  MemoryUsage of job (MB)
	5747580  -  ResidentSetSize of job (KB)
...
011 (160673.000.000) 03/30 05:01:08 Job was unsuspended.
...
010 (160673.000.000) 03/30 05:05:50 Job was suspended.
	Number of processes actually suspended: 1
...
006 (160673.000.000) 03/30 05:05:50 Image size of job updated: 35000000
	5840  -  MemoryUsage of job (MB)
	5979856  -  ResidentSetSize of job (KB)
...
011 (160673.000.000) 03/30 05:08:06 Job was unsuspended.
...
006 (160673.000.000) 03/30 05:12:02 Image size of job updated: 35000000
	6533  -  MemoryUsage of job (MB)
	6689216  -  ResidentSetSize of job (KB)
...
010 (160673.000.000) 03/30 05:16:24 Job was suspended.
	Number of processes actually suspended: 1
...
011 (160673.000.000) 03/30 05:18:21 Job was unsuspended.
...
010 (160673.000.000) 03/30 05:22:04 Job was suspended.
	Number of processes actually suspended: 1
...
011 (160673.000.000) 03/30 05:23:01 Job was unsuspended.
...
010 (160673.000.000) 03/30 05:25:36 Job was suspended.
	Number of processes actually suspended: 1
...
011 (160673.000.000) 03/30 05:28:36 Job was unsuspended.
...
010 (160673.000.000) 03/30 05:32:29 Job was suspended.
	Number of processes actually suspended: 1
...
011 (160673.000.000) 03/30 05:33:12 Job was unsuspended.
...
010 (160673.000.000) 03/30 05:37:42 Job was suspended.
	Number of processes actually suspended: 1
...
011 (160673.000.000) 03/30 05:41:23 Job was unsuspended.
...
010 (160673.000.000) 03/30 05:46:43 Job was suspended.
	Number of processes actually suspended: 1
...
011 (160673.000.000) 03/30 05:47:31 Job was unsuspended.
...
010 (160673.000.000) 03/30 05:50:18 Job was suspended.
	Number of processes actually suspended: 1
...
011 (160673.000.000) 03/30 05:52:14 Job was unsuspended.
...
010 (160673.000.000) 03/30 06:02:30 Job was suspended.
	Number of processes actually suspended: 1
...
011 (160673.000.000) 03/30 06:05:38 Job was unsuspended.
...
010 (160673.000.000) 03/30 06:10:57 Job was suspended.
	Number of processes actually suspended: 1
...
011 (160673.000.000) 03/30 06:13:35 Job was unsuspended.
...
010 (160673.000.000) 03/30 06:20:10 Job was suspended.
	Number of processes actually suspended: 1
...
011 (160673.000.000) 03/30 06:23:03 Job was unsuspended.
...
010 (160673.000.000) 03/30 06:25:14 Job was suspended.
	Number of processes actually suspended: 1
...
011 (160673.000.000) 03/30 06:25:32 Job was unsuspended.
...
010 (160673.000.000) 03/30 06:33:33 Job was suspended.
	Number of processes actually suspended: 1
...
011 (160673.000.000) 03/30 06:33:49 Job was unsuspended.
...
005 (160673.000.000) 03/30 08:26:50 Job terminated.
	(1) Normal termination (return value 0)
		Usr 0 03:06:04, Sys 0 00:00:48  -  Run Remote Usage
		Usr 0 00:00:00, Sys 0 00:00:00  -  Run Local Usage
		Usr 0 03:06:04, Sys 0 00:00:48  -  Total Remote Usage
		Usr 0 00:00:00, Sys 0 00:00:00  -  Total Local Usage
	0  -  Run Bytes Sent By Job
	0  -  Run Bytes Received By Job
	0  -  Total Bytes Sent By Job
	0  -  Total Bytes Received By Job
	Partitionable Resources :    Usage  Request Allocated
	   Cpus                 :                 1         1
	   Disk (KB)            :     3500     3500   4692484
	   Memory (MB)          :     6533     2930      4027
...
