000 (160676.000.000) 03/29 18:15:02 Job submitted from host: <128.83.120.146:48795>
...
001 (160676.000.000) 03/29 18:15:04 Job executing on host: <128.83.144.48:55138>
...
006 (160676.000.000) 03/29 18:15:12 Image size of job updated: 34914144
	1056  -  MemoryUsage of job (MB)
	1080828  -  ResidentSetSize of job (KB)
...
006 (160676.000.000) 03/29 18:20:12 Image size of job updated: 34914144
	4527  -  MemoryUsage of job (MB)
	4635032  -  ResidentSetSize of job (KB)
...
022 (160676.000.000) 03/29 20:30:30 Job disconnected, attempting to reconnect
    Local schedd and job shadow died, schedd now running again
    Trying to reconnect to slot3@angrist-1.cs.utexas.edu <128.83.144.48:55138>
...
023 (160676.000.000) 03/29 20:30:30 Job reconnected to slot3@angrist-1.cs.utexas.edu
    startd address: <128.83.144.48:55138>
    starter address: <128.83.144.48:51238>
...
001 (160676.000.000) 03/29 20:59:45 Job executing on host: <128.83.130.223:52205>
...
006 (160676.000.000) 03/29 21:04:55 Image size of job updated: 35000000
	6650  -  MemoryUsage of job (MB)
	6809364  -  ResidentSetSize of job (KB)
...
006 (160676.000.000) 03/29 21:09:55 Image size of job updated: 35000000
	8393  -  MemoryUsage of job (MB)
	8593844  -  ResidentSetSize of job (KB)
...
006 (160676.000.000) 03/29 21:14:55 Image size of job updated: 35000000
	10321  -  MemoryUsage of job (MB)
	10568284  -  ResidentSetSize of job (KB)
...
006 (160676.000.000) 03/29 21:24:57 Image size of job updated: 35000000
	10368  -  MemoryUsage of job (MB)
	10616040  -  ResidentSetSize of job (KB)
...
001 (160676.000.000) 03/30 03:19:41 Job executing on host: <128.83.120.228:43566>
...
006 (160676.000.000) 03/30 03:19:50 Image size of job updated: 35263044
	12208  -  MemoryUsage of job (MB)
	12500000  -  ResidentSetSize of job (KB)
...
010 (160676.000.000) 03/30 03:23:15 Job was suspended.
	Number of processes actually suspended: 1
...
011 (160676.000.000) 03/30 03:25:35 Job was unsuspended.
...
010 (160676.000.000) 03/30 03:29:26 Job was suspended.
	Number of processes actually suspended: 1
...
011 (160676.000.000) 03/30 03:36:43 Job was unsuspended.
...
010 (160676.000.000) 03/30 03:41:21 Job was suspended.
	Number of processes actually suspended: 1
...
011 (160676.000.000) 03/30 03:41:36 Job was unsuspended.
...
001 (160676.000.000) 03/30 14:05:33 Job executing on host: <128.83.144.147:40616>
...
001 (160676.000.000) 03/30 21:15:42 Job executing on host: <128.83.144.13:48954>
...
022 (160676.000.000) 03/30 22:34:10 Job disconnected, attempting to reconnect
    Local schedd and job shadow died, schedd now running again
    Trying to reconnect to slot22@glamdring-8.cs.utexas.edu <128.83.144.13:48954>
...
023 (160676.000.000) 03/30 22:34:11 Job reconnected to slot22@glamdring-8.cs.utexas.edu
    startd address: <128.83.144.13:48954>
    starter address: <128.83.144.13:48935>
...
005 (160676.000.000) 03/31 07:52:35 Job terminated.
	(1) Normal termination (return value 0)
		Usr 0 10:42:50, Sys 0 00:00:48  -  Run Remote Usage
		Usr 0 00:00:00, Sys 0 00:00:00  -  Run Local Usage
		Usr 0 10:42:50, Sys 0 00:00:48  -  Total Remote Usage
		Usr 0 00:00:00, Sys 0 00:00:00  -  Total Local Usage
	0  -  Run Bytes Sent By Job
	0  -  Run Bytes Received By Job
	0  -  Total Bytes Sent By Job
	0  -  Total Bytes Received By Job
	Partitionable Resources :    Usage  Request          
	   Cpus                 :                 1          
	   Disk (KB)            :     3500     3500          
	   Memory (MB)          :    12208    12208          
...
