Seed size set 17000
Self train size set 40000
original train tree summary Treebank has 21069 trees (19844 of length <= 40) and 392606 words (tokens)
  The root category is: ROOT
  Warning! 59 trees without unary initial rewrite.  Rewrites: {(ROOT SBARQ . .)=6, (ROOT '' S .)=2, (ROOT FRAG .)=7, (ROOT -LRB- `` SBARQ . .)=1, (ROOT VP '' .)=1, (ROOT UCP .)=1, (ROOT `` SBARQ)=1, (ROOT `` INTJ)=5, (ROOT S . .)=1, (ROOT VP .)=4, (ROOT NP S .)=1, (ROOT X . .)=1, (ROOT NP .)=1, (ROOT `` S)=1, (ROOT FRAG . .)=2, (ROOT SBAR .)=2, (ROOT S S .)=1, (ROOT S .)=14, (ROOT `` INTJ .)=1, (ROOT ADJP '' .)=1, (ROOT `` ADVP .)=1, (ROOT `` FRAG '' .)=1, (ROOT SQ . .)=2, (ROOT WHADVP '' . .)=1}
    Example: (ROOT (S (PP (IN In) (NP (JJ other) (NNS words))) (, ,) (NP (NP (DT the) (NN way)) (SBAR (S (NP (DT the) (NN speaker)) (VP (VBZ relates) (PP (TO to) (NP (NN mother))))))) (VP (VBZ is) (ADVP (RB clearly)) (VP (VBN indicated)))) (. .))
  Sentences range from 1 to 172 words, with an average length of 18.63 words.
  34 phrasal category types, 59 tag types, and 26730 word types
  Warning! 1 items are tags and categories: [UH]
    Cats: {ADJP=7,686, ADV=2, ADVP=13,818, AUX=2, CONJP=349, EDITED=10, FRAG=753, INTJ=875, LST=27, NAC=92, NP=119,539, NP-ADV=519, NP-TMP=699, NX=320, PP=37,871, PRN=638, PRT=1,920, QP=358, ROOT=21,069, RRC=45, S=49,441, SBAR=12,289, SBARQ=536, SINV=489, SQ=1,174, TYPO=4, UCP=397, UH=1, VP=72,117, WHADJP=97, WHADVP=1,824, WHNP=3,322, WHPP=284, X=35}
    Tags: {$=51, ''=4,511, ,=19,999, -LRB-=275, -RRB-=280, .=23,209, :=3,584, CC=12,635, CD=2,959, CD-ADV=11, DT=36,571, DT-ADV=6, EX=867, FW=251, IN=40,852, JJ=22,733, JJ-ADV=29, JJR=795, JJR-ADV=2, JJS=483, JJS-ADV=1, LS=28, MD=4,929, NN=48,429, NN-ADV=180, NN-TMP=503, NNP=15,918, NNP-ADV=5, NNP-TMP=18, NNPS=418, NNS=14,442, NNS-ADV=99, NNS-TMP=93, PDT=240, POS=1,790, PRP=24,580, PRP$=7,491, PRP-ADV=38, RB=20,401, RB-ADV=48, RBR=572, RBS=211, RBS-ADV=1, RP=1,790, SYM=20, TO=8,464, UH=657, VB=13,250, VB-ADV=1, VBD=24,129, VBG=6,541, VBN=8,618, VBP=4,254, VBZ=4,910, WDT=1,337, WP=1,724, WP$=63, WRB=1,928, ``=4,382}
    20 start categories: {ADJP=39, ADVP=38, FRAG=408, INTJ=122, NP=435, NP-TMP=6, PP=52, PRN=15, S=18,602, SBAR=78, SBARQ=353, SINV=293, SQ=419, UCP=91, VP=25, WHADJP=2, WHADVP=6, WHNP=16, WHPP=1, X=9}

train tree summary Treebank has 17000 trees (16015 of length <= 40) and 317800 words (tokens)
  The root category is: ROOT
  Warning! 43 trees without unary initial rewrite.  Rewrites: {(ROOT SBARQ . .)=3, (ROOT '' S .)=2, (ROOT FRAG .)=7, (ROOT UCP .)=1, (ROOT `` INTJ)=1, (ROOT S . .)=1, (ROOT VP .)=4, (ROOT NP S .)=1, (ROOT X . .)=1, (ROOT NP .)=1, (ROOT FRAG . .)=2, (ROOT SBAR .)=2, (ROOT S S .)=1, (ROOT S .)=11, (ROOT `` INTJ .)=1, (ROOT ADJP '' .)=1, (ROOT `` ADVP .)=1, (ROOT SQ . .)=1, (ROOT WHADVP '' . .)=1}
    Example: (ROOT (S (PP (IN In) (NP (JJ other) (NNS words))) (, ,) (NP (NP (DT the) (NN way)) (SBAR (S (NP (DT the) (NN speaker)) (VP (VBZ relates) (PP (TO to) (NP (NN mother))))))) (VP (VBZ is) (ADVP (RB clearly)) (VP (VBN indicated)))) (. .))
  Sentences range from 1 to 172 words, with an average length of 18.69 words.
  34 phrasal category types, 57 tag types, and 24163 word types
  Warning! 1 items are tags and categories: [UH]
    Cats: {ADJP=6,139, ADV=2, ADVP=11,074, AUX=2, CONJP=283, EDITED=4, FRAG=581, INTJ=613, LST=27, NAC=74, NP=97,585, NP-ADV=397, NP-TMP=492, NX=283, PP=31,522, PRN=498, PRT=1,483, QP=317, ROOT=17,000, RRC=39, S=39,207, SBAR=9,827, SBARQ=407, SINV=407, SQ=856, TYPO=4, UCP=312, UH=1, VP=57,636, WHADJP=75, WHADVP=1,434, WHNP=2,743, WHPP=247, X=28}
    Tags: {$=50, ''=3,338, ,=15,785, -LRB-=241, -RRB-=246, .=18,543, :=2,891, CC=10,032, CD=2,536, CD-ADV=11, DT=30,585, DT-ADV=4, EX=697, FW=181, IN=33,695, JJ=18,678, JJ-ADV=14, JJR=653, JJR-ADV=1, JJS=410, LS=28, MD=3,927, NN=40,401, NN-ADV=140, NN-TMP=343, NNP=13,139, NNP-ADV=3, NNP-TMP=11, NNPS=361, NNS=12,199, NNS-ADV=87, NNS-TMP=71, PDT=175, POS=1,490, PRP=18,419, PRP$=6,010, PRP-ADV=23, RB=16,293, RB-ADV=34, RBR=475, RBS=183, RBS-ADV=1, RP=1,464, SYM=19, TO=6,889, UH=461, VB=10,543, VBD=18,628, VBG=5,181, VBN=7,082, VBP=3,511, VBZ=4,279, WDT=1,133, WP=1,391, WP$=53, WRB=1,512, ``=3,250}
    20 start categories: {ADJP=27, ADVP=26, FRAG=316, INTJ=92, NP=365, NP-TMP=5, PP=43, PRN=11, S=15,054, SBAR=67, SBARQ=286, SINV=245, SQ=313, UCP=61, VP=17, WHADJP=2, WHADVP=6, WHNP=11, WHPP=1, X=9}

self train tree summary Treebank has 36559 trees (33788 of length <= 40) and 868494 words (tokens)
  The root category is: ROOT
  Sentences range from 1 to 118 words, with an average length of 23.75 words.
  29 phrasal category types, 62 tag types, and 42476 word types
  Caution! 2 word types are known empty elements: [*, 0]
    Cats: {ADJP=13,184, ADVP=18,281, CONJP=273, FRAG=461, INTJ=123, LST=36, NAC=379, NP=278,464, NP-ADV=1,935, NP-TMP=4,062, NX=1,199, PP=86,555, PRN=2,194, PRT=2,447, QP=8,727, ROOT=36,559, RRC=40, S=87,133, SBAR=25,309, SBARQ=188, SINV=1,904, SQ=319, UCP=448, VP=132,962, WHADJP=55, WHADVP=1,915, WHNP=6,667, WHPP=359, X=155}
    Tags: {#=129, $=6,676, $-ADV=11, ''=6,386, ,=44,730, -LRB-=1,247, -RRB-=1,257, .=36,217, :=4,386, CC=21,813, CD=33,599, CD-ADV=27, DT=74,584, DT-ADV=49, EX=798, FW=214, IN=90,062, JJ=55,762, JJ-ADV=14, JJR=2,983, JJR-ADV=4, JJS=1,783, JJS-ADV=3, LS=34, MD=8,824, NN=117,476, NN-ADV=1,568, NN-TMP=2,559, NNP=82,502, NNP-ADV=1, NNP-TMP=1,248, NNPS=2,382, NNPS-TMP=2, NNS=54,361, NNS-ADV=94, NNS-TMP=122, PDT=349, POS=8,043, PRP=15,900, PRP$=7,722, PRP-ADV=20, RB=28,389, RB-ADV=18, RBR=1,654, RBR-ADV=3, RBS=391, RBS-ADV=1, RP=2,468, SYM=40, TO=20,302, UH=91, VB=23,875, VBD=27,753, VBG=13,589, VBN=18,277, VBP=11,282, VBZ=19,696, WDT=3,876, WP=2,163, WP$=151, WRB=1,988, ``=6,546}
    16 start categories: {ADJP=5, ADVP=7, FRAG=236, INTJ=14, NP=1,172, NP-TMP=12, PP=18, PRN=7, S=33,152, SBAR=22, SBARQ=119, SINV=1,667, SQ=83, UCP=11, VP=7, X=27}

self training... /u/natviv/nlphw3/mrg/wsj.mrg
