000 (160648.000.000) 03/29 17:56:35 Job submitted from host: <128.83.120.146:48795>
...
001 (160648.000.000) 03/29 17:56:40 Job executing on host: <128.83.139.5:34539>
...
006 (160648.000.000) 03/29 17:56:49 Image size of job updated: 34914144
	1284  -  MemoryUsage of job (MB)
	1314628  -  ResidentSetSize of job (KB)
...
006 (160648.000.000) 03/29 18:01:50 Image size of job updated: 34914144
	3058  -  MemoryUsage of job (MB)
	3130900  -  ResidentSetSize of job (KB)
...
005 (160648.000.000) 03/29 20:05:03 Job terminated.
	(1) Normal termination (return value 0)
		Usr 0 01:57:49, Sys 0 00:00:34  -  Run Remote Usage
		Usr 0 00:00:00, Sys 0 00:00:00  -  Run Local Usage
		Usr 0 01:57:49, Sys 0 00:00:34  -  Total Remote Usage
		Usr 0 00:00:00, Sys 0 00:00:00  -  Total Local Usage
	0  -  Run Bytes Sent By Job
	0  -  Run Bytes Received By Job
	0  -  Total Bytes Sent By Job
	0  -  Total Bytes Received By Job
	Partitionable Resources :    Usage  Request Allocated
	   Cpus                 :                 1         1
	   Disk (KB)            :     3500     3500   4690516
	   Memory (MB)          :     3058        0      4028
...
