000 (160654.000.000) 03/29 17:58:47 Job submitted from host: <128.83.120.146:48795>
...
001 (160654.000.000) 03/29 17:58:50 Job executing on host: <128.83.139.5:34539>
...
006 (160654.000.000) 03/29 17:58:58 Image size of job updated: 0
	3  -  MemoryUsage of job (MB)
	2192  -  ResidentSetSize of job (KB)
...
006 (160654.000.000) 03/29 18:03:58 Image size of job updated: 34914144
	4705  -  MemoryUsage of job (MB)
	4817168  -  ResidentSetSize of job (KB)
...
006 (160654.000.000) 03/29 18:08:59 Image size of job updated: 34914144
	4760  -  MemoryUsage of job (MB)
	4873744  -  ResidentSetSize of job (KB)
...
006 (160654.000.000) 03/29 18:14:00 Image size of job updated: 34914144
	4846  -  MemoryUsage of job (MB)
	4961572  -  ResidentSetSize of job (KB)
...
010 (160654.000.000) 03/29 18:19:13 Job was suspended.
	Number of processes actually suspended: 1
...
011 (160654.000.000) 03/29 18:20:55 Job was unsuspended.
...
006 (160654.000.000) 03/29 18:24:01 Image size of job updated: 34914144
	5139  -  MemoryUsage of job (MB)
	5262324  -  ResidentSetSize of job (KB)
...
010 (160654.000.000) 03/29 18:26:06 Job was suspended.
	Number of processes actually suspended: 1
...
006 (160654.000.000) 03/29 18:26:06 Image size of job updated: 34914144
	5454  -  MemoryUsage of job (MB)
	5584552  -  ResidentSetSize of job (KB)
...
011 (160654.000.000) 03/29 18:27:19 Job was unsuspended.
...
006 (160654.000.000) 03/29 18:29:01 Image size of job updated: 34914144
	5934  -  MemoryUsage of job (MB)
	6075804  -  ResidentSetSize of job (KB)
...
006 (160654.000.000) 03/29 18:34:02 Image size of job updated: 34914144
	7693  -  MemoryUsage of job (MB)
	7876612  -  ResidentSetSize of job (KB)
...
006 (160654.000.000) 03/29 18:39:03 Image size of job updated: 34914144
	9911  -  MemoryUsage of job (MB)
	10147888  -  ResidentSetSize of job (KB)
...
006 (160654.000.000) 03/29 18:44:03 Image size of job updated: 34914144
	9947  -  MemoryUsage of job (MB)
	10184956  -  ResidentSetSize of job (KB)
...
006 (160654.000.000) 03/29 18:54:04 Image size of job updated: 34914144
	10014  -  MemoryUsage of job (MB)
	10254176  -  ResidentSetSize of job (KB)
...
006 (160654.000.000) 03/29 19:04:05 Image size of job updated: 34914144
	10014  -  MemoryUsage of job (MB)
	10254284  -  ResidentSetSize of job (KB)
...
005 (160654.000.000) 03/29 19:08:23 Job terminated.
	(1) Normal termination (return value 0)
		Usr 0 01:00:28, Sys 0 00:00:15  -  Run Remote Usage
		Usr 0 00:00:00, Sys 0 00:00:00  -  Run Local Usage
		Usr 0 01:00:28, Sys 0 00:00:15  -  Total Remote Usage
		Usr 0 00:00:00, Sys 0 00:00:00  -  Total Local Usage
	0  -  Run Bytes Sent By Job
	0  -  Run Bytes Received By Job
	0  -  Total Bytes Sent By Job
	0  -  Total Bytes Received By Job
	Partitionable Resources :    Usage  Request Allocated
	   Cpus                 :                 1         1
	   Disk (KB)            :     3500     3500   4690514
	   Memory (MB)          :    10014        0      4028
...
