000 (160657.000.000) 03/29 18:02:17 Job submitted from host: <128.83.120.146:48795>
...
001 (160657.000.000) 03/29 18:02:46 Job executing on host: <128.83.130.224:45706>
...
006 (160657.000.000) 03/29 18:02:55 Image size of job updated: 0
	3  -  MemoryUsage of job (MB)
	2184  -  ResidentSetSize of job (KB)
...
006 (160657.000.000) 03/29 18:07:56 Image size of job updated: 34218120
	8225  -  MemoryUsage of job (MB)
	8421416  -  ResidentSetSize of job (KB)
...
006 (160657.000.000) 03/29 18:12:57 Image size of job updated: 34218120
	8391  -  MemoryUsage of job (MB)
	8591420  -  ResidentSetSize of job (KB)
...
006 (160657.000.000) 03/29 18:17:57 Image size of job updated: 34218120
	8425  -  MemoryUsage of job (MB)
	8626748  -  ResidentSetSize of job (KB)
...
006 (160657.000.000) 03/29 18:22:58 Image size of job updated: 34218120
	10355  -  MemoryUsage of job (MB)
	10602780  -  ResidentSetSize of job (KB)
...
006 (160657.000.000) 03/29 18:32:59 Image size of job updated: 34218120
	10359  -  MemoryUsage of job (MB)
	10607484  -  ResidentSetSize of job (KB)
...
005 (160657.000.000) 03/29 20:17:48 Job terminated.
	(1) Normal termination (return value 0)
		Usr 0 02:14:37, Sys 0 00:00:14  -  Run Remote Usage
		Usr 0 00:00:00, Sys 0 00:00:00  -  Run Local Usage
		Usr 0 02:14:37, Sys 0 00:00:14  -  Total Remote Usage
		Usr 0 00:00:00, Sys 0 00:00:00  -  Total Local Usage
	0  -  Run Bytes Sent By Job
	0  -  Run Bytes Received By Job
	0  -  Total Bytes Sent By Job
	0  -  Total Bytes Received By Job
	Partitionable Resources :    Usage  Request Allocated
	   Cpus                 :                 1         1
	   Disk (KB)            :     3500     3500   1879563
	   Memory (MB)          :    10359        0     16126
...
