000 (160656.000.000) 03/29 18:01:49 Job submitted from host: <128.83.120.146:48795>
...
001 (160656.000.000) 03/29 18:01:55 Job executing on host: <128.83.139.5:34539>
...
006 (160656.000.000) 03/29 18:02:03 Image size of job updated: 34914144
	1349  -  MemoryUsage of job (MB)
	1380532  -  ResidentSetSize of job (KB)
...
006 (160656.000.000) 03/29 18:07:04 Image size of job updated: 34914144
	6639  -  MemoryUsage of job (MB)
	6798308  -  ResidentSetSize of job (KB)
...
006 (160656.000.000) 03/29 18:17:07 Image size of job updated: 34914144
	6737  -  MemoryUsage of job (MB)
	6898408  -  ResidentSetSize of job (KB)
...
010 (160656.000.000) 03/29 18:18:40 Job was suspended.
	Number of processes actually suspended: 1
...
006 (160656.000.000) 03/29 18:18:40 Image size of job updated: 34914144
	6879  -  MemoryUsage of job (MB)
	7043192  -  ResidentSetSize of job (KB)
...
011 (160656.000.000) 03/29 18:21:59 Job was unsuspended.
...
010 (160656.000.000) 03/29 18:24:52 Job was suspended.
	Number of processes actually suspended: 1
...
006 (160656.000.000) 03/29 18:24:52 Image size of job updated: 34914144
	7305  -  MemoryUsage of job (MB)
	7479488  -  ResidentSetSize of job (KB)
...
011 (160656.000.000) 03/29 18:28:29 Job was unsuspended.
...
006 (160656.000.000) 03/29 18:32:07 Image size of job updated: 34914144
	8188  -  MemoryUsage of job (MB)
	8384308  -  ResidentSetSize of job (KB)
...
006 (160656.000.000) 03/29 18:37:07 Image size of job updated: 34914144
	10381  -  MemoryUsage of job (MB)
	10629808  -  ResidentSetSize of job (KB)
...
006 (160656.000.000) 03/29 18:42:08 Image size of job updated: 34914144
	10381  -  MemoryUsage of job (MB)
	10629932  -  ResidentSetSize of job (KB)
...
006 (160656.000.000) 03/29 18:47:09 Image size of job updated: 34914144
	10382  -  MemoryUsage of job (MB)
	10630576  -  ResidentSetSize of job (KB)
...
005 (160656.000.000) 03/29 18:50:23 Job terminated.
	(1) Normal termination (return value 0)
		Usr 0 00:37:43, Sys 0 00:00:11  -  Run Remote Usage
		Usr 0 00:00:00, Sys 0 00:00:00  -  Run Local Usage
		Usr 0 00:37:43, Sys 0 00:00:11  -  Total Remote Usage
		Usr 0 00:00:00, Sys 0 00:00:00  -  Total Local Usage
	0  -  Run Bytes Sent By Job
	0  -  Run Bytes Received By Job
	0  -  Total Bytes Sent By Job
	0  -  Total Bytes Received By Job
	Partitionable Resources :    Usage  Request Allocated
	   Cpus                 :                 1         1
	   Disk (KB)            :     3500     3500   4690514
	   Memory (MB)          :    10382        0      4028
...
