000 (160666.000.000) 03/29 18:06:52 Job submitted from host: <128.83.120.146:48795>
...
001 (160666.000.000) 03/29 18:07:07 Job executing on host: <128.83.144.70:49009>
...
006 (160666.000.000) 03/29 18:07:15 Image size of job updated: 34914144
	547  -  MemoryUsage of job (MB)
	559984  -  ResidentSetSize of job (KB)
...
006 (160666.000.000) 03/29 18:12:15 Image size of job updated: 34914144
	5359  -  MemoryUsage of job (MB)
	5487056  -  ResidentSetSize of job (KB)
...
006 (160666.000.000) 03/29 18:17:15 Image size of job updated: 34914144
	5383  -  MemoryUsage of job (MB)
	5512008  -  ResidentSetSize of job (KB)
...
006 (160666.000.000) 03/29 18:22:16 Image size of job updated: 34914144
	5425  -  MemoryUsage of job (MB)
	5554448  -  ResidentSetSize of job (KB)
...
006 (160666.000.000) 03/29 18:27:17 Image size of job updated: 34914144
	5626  -  MemoryUsage of job (MB)
	5760924  -  ResidentSetSize of job (KB)
...
010 (160666.000.000) 03/29 18:27:59 Job was suspended.
	Number of processes actually suspended: 1
...
006 (160666.000.000) 03/29 18:27:59 Image size of job updated: 34914144
	5739  -  MemoryUsage of job (MB)
	5876028  -  ResidentSetSize of job (KB)
...
011 (160666.000.000) 03/29 18:37:21 Job was unsuspended.
...
006 (160666.000.000) 03/29 18:42:18 Image size of job updated: 34914144
	8382  -  MemoryUsage of job (MB)
	8582900  -  ResidentSetSize of job (KB)
...
006 (160666.000.000) 03/29 18:47:18 Image size of job updated: 34914144
	8390  -  MemoryUsage of job (MB)
	8590880  -  ResidentSetSize of job (KB)
...
022 (160666.000.000) 03/29 20:30:30 Job disconnected, attempting to reconnect
    Local schedd and job shadow died, schedd now running again
    Trying to reconnect to slot25@angrist-3.cs.utexas.edu <128.83.144.70:49009>
...
023 (160666.000.000) 03/29 20:30:30 Job reconnected to slot25@angrist-3.cs.utexas.edu
    startd address: <128.83.144.70:49009>
    starter address: <128.83.144.70:33390>
...
001 (160666.000.000) 03/29 20:59:45 Job executing on host: <128.83.130.161:44176>
...
006 (160666.000.000) 03/29 21:09:54 Image size of job updated: 35000000
	10336  -  MemoryUsage of job (MB)
	10583572  -  ResidentSetSize of job (KB)
...
006 (160666.000.000) 03/29 21:14:55 Image size of job updated: 35000000
	10345  -  MemoryUsage of job (MB)
	10593188  -  ResidentSetSize of job (KB)
...
001 (160666.000.000) 03/30 03:19:41 Job executing on host: <128.83.130.224:45706>
...
001 (160666.000.000) 03/30 14:06:00 Job executing on host: <128.83.130.161:44176>
...
005 (160666.000.000) 03/30 16:11:42 Job terminated.
	(1) Normal termination (return value 0)
		Usr 0 02:11:27, Sys 0 00:00:27  -  Run Remote Usage
		Usr 0 00:00:00, Sys 0 00:00:00  -  Run Local Usage
		Usr 0 02:11:27, Sys 0 00:00:27  -  Total Remote Usage
		Usr 0 00:00:00, Sys 0 00:00:00  -  Total Local Usage
	0  -  Run Bytes Sent By Job
	0  -  Run Bytes Received By Job
	0  -  Total Bytes Sent By Job
	0  -  Total Bytes Received By Job
	Partitionable Resources :    Usage  Request Allocated
	   Cpus                 :                 1         1
	   Disk (KB)            :     3500     3500   1912098
	   Memory (MB)          :    12208    12208     24188
...
