000 (160668.000.000) 03/29 18:07:55 Job submitted from host: <128.83.120.146:48795>
...
001 (160668.000.000) 03/29 18:08:00 Job executing on host: <128.83.144.70:49009>
...
006 (160668.000.000) 03/29 18:08:09 Image size of job updated: 0
	3  -  MemoryUsage of job (MB)
	2184  -  ResidentSetSize of job (KB)
...
006 (160668.000.000) 03/29 18:13:10 Image size of job updated: 34914144
	8263  -  MemoryUsage of job (MB)
	8460480  -  ResidentSetSize of job (KB)
...
006 (160668.000.000) 03/29 18:18:10 Image size of job updated: 34914144
	10324  -  MemoryUsage of job (MB)
	10571572  -  ResidentSetSize of job (KB)
...
006 (160668.000.000) 03/29 18:23:11 Image size of job updated: 34914144
	10343  -  MemoryUsage of job (MB)
	10590348  -  ResidentSetSize of job (KB)
...
010 (160668.000.000) 03/29 18:27:46 Job was suspended.
	Number of processes actually suspended: 1
...
006 (160668.000.000) 03/29 18:27:46 Image size of job updated: 34914144
	10386  -  MemoryUsage of job (MB)
	10634640  -  ResidentSetSize of job (KB)
...
011 (160668.000.000) 03/29 18:37:32 Job was unsuspended.
...
022 (160668.000.000) 03/29 20:30:30 Job disconnected, attempting to reconnect
    Local schedd and job shadow died, schedd now running again
    Trying to reconnect to slot28@angrist-3.cs.utexas.edu <128.83.144.70:49009>
...
023 (160668.000.000) 03/29 20:30:31 Job reconnected to slot28@angrist-3.cs.utexas.edu
    startd address: <128.83.144.70:49009>
    starter address: <128.83.144.70:33923>
...
001 (160668.000.000) 03/29 20:59:45 Job executing on host: <128.83.144.147:40616>
...
001 (160668.000.000) 03/30 03:19:41 Job executing on host: <128.83.130.224:45706>
...
001 (160668.000.000) 03/30 14:05:33 Job executing on host: <128.83.144.147:40616>
...
001 (160668.000.000) 03/30 21:15:42 Job executing on host: <128.83.144.13:48954>
...
006 (160668.000.000) 03/30 21:15:51 Image size of job updated: 35263044
	12208  -  MemoryUsage of job (MB)
	12500000  -  ResidentSetSize of job (KB)
...
022 (160668.000.000) 03/30 22:34:10 Job disconnected, attempting to reconnect
    Local schedd and job shadow died, schedd now running again
    Trying to reconnect to slot17@glamdring-8.cs.utexas.edu <128.83.144.13:48954>
...
023 (160668.000.000) 03/30 22:34:11 Job reconnected to slot17@glamdring-8.cs.utexas.edu
    startd address: <128.83.144.13:48954>
    starter address: <128.83.144.13:60828>
...
005 (160668.000.000) 03/31 06:30:28 Job terminated.
	(1) Normal termination (return value 0)
		Usr 0 09:19:10, Sys 0 00:00:41  -  Run Remote Usage
		Usr 0 00:00:00, Sys 0 00:00:00  -  Run Local Usage
		Usr 0 09:19:10, Sys 0 00:00:41  -  Total Remote Usage
		Usr 0 00:00:00, Sys 0 00:00:00  -  Total Local Usage
	0  -  Run Bytes Sent By Job
	0  -  Run Bytes Received By Job
	0  -  Total Bytes Sent By Job
	0  -  Total Bytes Received By Job
	Partitionable Resources :    Usage  Request          
	   Cpus                 :                 1          
	   Disk (KB)            :     3500     3500          
	   Memory (MB)          :    12208    12208          
...
