000 (160658.000.000) 03/29 18:02:39 Job submitted from host: <128.83.120.146:48795>
...
001 (160658.000.000) 03/29 18:02:46 Job executing on host: <128.83.139.5:34539>
...
006 (160658.000.000) 03/29 18:02:55 Image size of job updated: 0
	3  -  MemoryUsage of job (MB)
	2196  -  ResidentSetSize of job (KB)
...
006 (160658.000.000) 03/29 18:07:56 Image size of job updated: 34914144
	8316  -  MemoryUsage of job (MB)
	8514580  -  ResidentSetSize of job (KB)
...
010 (160658.000.000) 03/29 18:18:34 Job was suspended.
	Number of processes actually suspended: 1
...
011 (160658.000.000) 03/29 18:21:59 Job was unsuspended.
...
010 (160658.000.000) 03/29 18:24:13 Job was suspended.
	Number of processes actually suspended: 1
...
011 (160658.000.000) 03/29 18:28:34 Job was unsuspended.
...
006 (160658.000.000) 03/29 18:32:58 Image size of job updated: 34914144
	10293  -  MemoryUsage of job (MB)
	10539036  -  ResidentSetSize of job (KB)
...
006 (160658.000.000) 03/29 19:03:02 Image size of job updated: 34914144
	10366  -  MemoryUsage of job (MB)
	10614112  -  ResidentSetSize of job (KB)
...
006 (160658.000.000) 03/29 19:08:02 Image size of job updated: 34914144
	10366  -  MemoryUsage of job (MB)
	10614164  -  ResidentSetSize of job (KB)
...
005 (160658.000.000) 03/29 19:08:19 Job terminated.
	(1) Normal termination (return value 0)
		Usr 0 00:55:11, Sys 0 00:00:10  -  Run Remote Usage
		Usr 0 00:00:00, Sys 0 00:00:00  -  Run Local Usage
		Usr 0 00:55:11, Sys 0 00:00:10  -  Total Remote Usage
		Usr 0 00:00:00, Sys 0 00:00:00  -  Total Local Usage
	0  -  Run Bytes Sent By Job
	0  -  Run Bytes Received By Job
	0  -  Total Bytes Sent By Job
	0  -  Total Bytes Received By Job
	Partitionable Resources :    Usage  Request Allocated
	   Cpus                 :                 1         1
	   Disk (KB)            :     3500     3500   4690508
	   Memory (MB)          :    10366        0      4028
...
