000 (160665.000.000) 03/29 18:06:24 Job submitted from host: <128.83.120.146:48795>
...
001 (160665.000.000) 03/29 18:06:41 Job executing on host: <128.83.144.70:49009>
...
006 (160665.000.000) 03/29 18:06:49 Image size of job updated: 0
	3  -  MemoryUsage of job (MB)
	2188  -  ResidentSetSize of job (KB)
...
006 (160665.000.000) 03/29 18:11:49 Image size of job updated: 34914144
	8269  -  MemoryUsage of job (MB)
	8466792  -  ResidentSetSize of job (KB)
...
006 (160665.000.000) 03/29 18:16:50 Image size of job updated: 34914144
	10353  -  MemoryUsage of job (MB)
	10601144  -  ResidentSetSize of job (KB)
...
006 (160665.000.000) 03/29 18:21:50 Image size of job updated: 34914144
	10354  -  MemoryUsage of job (MB)
	10601952  -  ResidentSetSize of job (KB)
...
010 (160665.000.000) 03/29 18:27:59 Job was suspended.
	Number of processes actually suspended: 1
...
011 (160665.000.000) 03/29 18:37:11 Job was unsuspended.
...
006 (160665.000.000) 03/29 18:41:51 Image size of job updated: 34914144
	10390  -  MemoryUsage of job (MB)
	10638408  -  ResidentSetSize of job (KB)
...
022 (160665.000.000) 03/29 20:30:30 Job disconnected, attempting to reconnect
    Local schedd and job shadow died, schedd now running again
    Trying to reconnect to slot24@angrist-3.cs.utexas.edu <128.83.144.70:49009>
...
023 (160665.000.000) 03/29 20:30:31 Job reconnected to slot24@angrist-3.cs.utexas.edu
    startd address: <128.83.144.70:49009>
    starter address: <128.83.144.70:54612>
...
001 (160665.000.000) 03/29 20:59:45 Job executing on host: <128.83.130.161:44176>
...
001 (160665.000.000) 03/30 03:19:41 Job executing on host: <128.83.130.224:45706>
...
001 (160665.000.000) 03/30 14:05:33 Job executing on host: <128.83.120.230:57007>
...
006 (160665.000.000) 03/30 14:10:43 Image size of job updated: 35265120
	12208  -  MemoryUsage of job (MB)
	12500000  -  ResidentSetSize of job (KB)
...
001 (160665.000.000) 03/30 21:15:42 Job executing on host: <128.83.120.228:43566>
...
010 (160665.000.000) 03/30 21:17:53 Job was suspended.
	Number of processes actually suspended: 1
...
011 (160665.000.000) 03/30 21:18:54 Job was unsuspended.
...
022 (160665.000.000) 03/30 22:34:10 Job disconnected, attempting to reconnect
    Local schedd and job shadow died, schedd now running again
    Trying to reconnect to slot34@glamdring-1.cs.utexas.edu <128.83.120.228:43566>
...
023 (160665.000.000) 03/30 22:34:11 Job reconnected to slot34@glamdring-1.cs.utexas.edu
    startd address: <128.83.120.228:43566>
    starter address: <128.83.120.228:53915>
...
005 (160665.000.000) 03/31 02:28:05 Job terminated.
	(1) Normal termination (return value 0)
		Usr 0 05:14:17, Sys 0 00:00:24  -  Run Remote Usage
		Usr 0 00:00:00, Sys 0 00:00:00  -  Run Local Usage
		Usr 0 05:14:17, Sys 0 00:00:24  -  Total Remote Usage
		Usr 0 00:00:00, Sys 0 00:00:00  -  Total Local Usage
	0  -  Run Bytes Sent By Job
	0  -  Run Bytes Received By Job
	0  -  Total Bytes Sent By Job
	0  -  Total Bytes Received By Job
	Partitionable Resources :    Usage  Request          
	   Cpus                 :                 1          
	   Disk (KB)            :     3500     3500          
	   Memory (MB)          :    12208    12208          
...
